DrawPlayer: 0
Draw Card No:1, Spades    12 (Reverse The Playing Order)
Draw Card No:2, Hearts     5 (~)
Draw Card No:3, Diamonds  13 (~)
Draw Card No:4, Hearts     6 (~)
Draw Card No:5, Diamonds  12 (Reverse The Playing Order)
DrawPlayer: 1
Draw Card No:1, Clubs      5 (~)
Draw Card No:2, Clubs     10 (~)
Draw Card No:3, Diamonds   3 (Draws Three Cards)
Draw Card No:4, Diamonds   9 (~)
Draw Card No:5, Spades     1 (~)
DrawPlayer: 2
Draw Card No:1, Diamonds   3 (Draws Three Cards)
Draw Card No:2, Diamonds   5 (~)
Draw Card No:3, Diamonds   1 (~)
Draw Card No:4, Diamonds  13 (~)
Draw Card No:5, Hearts     3 (Draws Three Cards)
DrawPlayer: 3
Draw Card No:1, Hearts     1 (~)
Draw Card No:2, Diamonds  10 (~)
Draw Card No:3, Spades     3 (Draws Three Cards)
Draw Card No:4, Clubs      5 (~)
Draw Card No:5, Diamonds   8 (~)
PlayerNumber: 4
InitialCardNuber: 5
DeckNumber: 2
RoundNumber: 1
Player: 
PileSize: 5
0: Spades    12 (Reverse The Playing Order)
1: Hearts     5 (~)
2: Hearts     6 (~)
3: Diamonds  12 (Reverse The Playing Order)
4: Diamonds  13 (~)


Player: 
PileSize: 5
0: Spades     1 (~)
1: Diamonds   3 (Draws Three Cards)
2: Diamonds   9 (~)
3: Clubs      5 (~)
4: Clubs     10 (~)


Player: 
PileSize: 5
0: Hearts     3 (Draws Three Cards)
1: Diamonds   1 (~)
2: Diamonds   3 (Draws Three Cards)
3: Diamonds   5 (~)
4: Diamonds  13 (~)


Player: 
PileSize: 5
0: Spades     3 (Draws Three Cards)
1: Hearts     1 (~)
2: Diamonds   8 (~)
3: Diamonds  10 (~)
4: Clubs      5 (~)


StockPile: 
PileSize: 83
0: Spades     1 (~)
1: Spades     3 (Draws Three Cards)
2: Spades     4 (~)
3: Spades     5 (~)
4: Spades     6 (~)
5: Spades     7 (Cancel An Attack)
6: Spades     8 (~)
7: Spades     9 (~)
8: Spades    10 (~)
9: Spades    11 (Skip The Next Player)
10: Spades    13 (~)
11: Hearts     1 (~)
12: Hearts     2 (Draws Two Cards)
13: Hearts     4 (~)
14: Hearts     5 (~)
15: Hearts     6 (~)
16: Hearts     7 (Cancel An Attack)
17: Hearts     8 (~)
18: Hearts     9 (~)
19: Hearts    10 (~)
20: Hearts    11 (Skip The Next Player)
21: Hearts    12 (Reverse The Playing Order)
22: Hearts    13 (~)
23: Diamonds   2 (Draws Two Cards)
24: Diamonds   4 (~)
25: Diamonds   5 (~)
26: Diamonds   6 (~)
27: Diamonds   7 (Cancel An Attack)
28: Diamonds   8 (~)
29: Diamonds  11 (Skip The Next Player)
30: Clubs      1 (~)
31: Clubs      2 (Draws Two Cards)
32: Clubs      3 (Draws Three Cards)
33: Clubs      4 (~)
34: Clubs      6 (~)
35: Clubs      7 (Cancel An Attack)
36: Clubs      8 (~)
37: Clubs      9 (~)
38: Clubs     11 (Skip The Next Player)
39: Clubs     12 (Reverse The Playing Order)
40: Clubs     13 (~)
41: Spades     2 (Draws Two Cards)
42: Spades     4 (~)
43: Spades     5 (~)
44: Spades     6 (~)
45: Spades     7 (Cancel An Attack)
46: Spades     8 (~)
47: Spades     9 (~)
48: Spades    10 (~)
49: Spades    11 (Skip The Next Player)
50: Spades    12 (Reverse The Playing Order)
51: Spades    13 (~)
52: Hearts     2 (Draws Two Cards)
53: Hearts     3 (Draws Three Cards)
54: Hearts     4 (~)
55: Hearts     7 (Cancel An Attack)
56: Hearts     8 (~)
57: Hearts     9 (~)
58: Hearts    10 (~)
59: Hearts    11 (Skip The Next Player)
60: Hearts    12 (Reverse The Playing Order)
61: Hearts    13 (~)
62: Diamonds   1 (~)
63: Diamonds   2 (Draws Two Cards)
64: Diamonds   4 (~)
65: Diamonds   6 (~)
66: Diamonds   7 (Cancel An Attack)
67: Diamonds   9 (~)
68: Diamonds  10 (~)
69: Diamonds  11 (Skip The Next Player)
70: Diamonds  12 (Reverse The Playing Order)
71: Clubs      1 (~)
72: Clubs      2 (Draws Two Cards)
73: Clubs      3 (Draws Three Cards)
74: Clubs      4 (~)
75: Clubs      6 (~)
76: Clubs      7 (Cancel An Attack)
77: Clubs      8 (~)
78: Clubs      9 (~)
79: Clubs     10 (~)
80: Clubs     11 (Skip The Next Player)
81: Clubs     12 (Reverse The Playing Order)
82: Clubs     13 (~)

DiscardPile: 
PileSize: 1
0: Spades     2 (Draws Two Cards)

Round: 1 , StockPile: 83 , DiscardPile: 1
Player: 3
You Are Supposed To Draw 0 Card(s).
Last Card: Spades     2 (Draws Two Cards)


Your Current HandCard: 
PileSize: 5
0: Spades     3 (Draws Three Cards)
1: Hearts     1 (~)
2: Diamonds   8 (~)
3: Diamonds  10 (~)
4: Clubs      5 (~)

Please Play A Card Or Enter -1 To Give Up This Turn And Draw One More Card: 
Draw 0 Card(s).
PlayerNumber: 4
InitialCardNuber: 5
DeckNumber: 2
RoundNumber: 1
Player: 
PileSize: 5
0: Spades    12 (Reverse The Playing Order)
1: Hearts     5 (~)
2: Hearts     6 (~)
3: Diamonds  12 (Reverse The Playing Order)
4: Diamonds  13 (~)


Player: 
PileSize: 5
0: Spades     1 (~)
1: Diamonds   3 (Draws Three Cards)
2: Diamonds   9 (~)
3: Clubs      5 (~)
4: Clubs     10 (~)


Player: 
PileSize: 5
0: Hearts     3 (Draws Three Cards)
1: Diamonds   1 (~)
2: Diamonds   3 (Draws Three Cards)
3: Diamonds   5 (~)
4: Diamonds  13 (~)


Player: 
PileSize: 4
0: Hearts     1 (~)
1: Diamonds   8 (~)
2: Diamonds  10 (~)
3: Clubs      5 (~)


StockPile: 
PileSize: 83
0: Spades     1 (~)
1: Spades     3 (Draws Three Cards)
2: Spades     4 (~)
3: Spades     5 (~)
4: Spades     6 (~)
5: Spades     7 (Cancel An Attack)
6: Spades     8 (~)
7: Spades     9 (~)
8: Spades    10 (~)
9: Spades    11 (Skip The Next Player)
10: Spades    13 (~)
11: Hearts     1 (~)
12: Hearts     2 (Draws Two Cards)
13: Hearts     4 (~)
14: Hearts     5 (~)
15: Hearts     6 (~)
16: Hearts     7 (Cancel An Attack)
17: Hearts     8 (~)
18: Hearts     9 (~)
19: Hearts    10 (~)
20: Hearts    11 (Skip The Next Player)
21: Hearts    12 (Reverse The Playing Order)
22: Hearts    13 (~)
23: Diamonds   2 (Draws Two Cards)
24: Diamonds   4 (~)
25: Diamonds   5 (~)
26: Diamonds   6 (~)
27: Diamonds   7 (Cancel An Attack)
28: Diamonds   8 (~)
29: Diamonds  11 (Skip The Next Player)
30: Clubs      1 (~)
31: Clubs      2 (Draws Two Cards)
32: Clubs      3 (Draws Three Cards)
33: Clubs      4 (~)
34: Clubs      6 (~)
35: Clubs      7 (Cancel An Attack)
36: Clubs      8 (~)
37: Clubs      9 (~)
38: Clubs     11 (Skip The Next Player)
39: Clubs     12 (Reverse The Playing Order)
40: Clubs     13 (~)
41: Spades     2 (Draws Two Cards)
42: Spades     4 (~)
43: Spades     5 (~)
44: Spades     6 (~)
45: Spades     7 (Cancel An Attack)
46: Spades     8 (~)
47: Spades     9 (~)
48: Spades    10 (~)
49: Spades    11 (Skip The Next Player)
50: Spades    12 (Reverse The Playing Order)
51: Spades    13 (~)
52: Hearts     2 (Draws Two Cards)
53: Hearts     3 (Draws Three Cards)
54: Hearts     4 (~)
55: Hearts     7 (Cancel An Attack)
56: Hearts     8 (~)
57: Hearts     9 (~)
58: Hearts    10 (~)
59: Hearts    11 (Skip The Next Player)
60: Hearts    12 (Reverse The Playing Order)
61: Hearts    13 (~)
62: Diamonds   1 (~)
63: Diamonds   2 (Draws Two Cards)
64: Diamonds   4 (~)
65: Diamonds   6 (~)
66: Diamonds   7 (Cancel An Attack)
67: Diamonds   9 (~)
68: Diamonds  10 (~)
69: Diamonds  11 (Skip The Next Player)
70: Diamonds  12 (Reverse The Playing Order)
71: Clubs      1 (~)
72: Clubs      2 (Draws Two Cards)
73: Clubs      3 (Draws Three Cards)
74: Clubs      4 (~)
75: Clubs      6 (~)
76: Clubs      7 (Cancel An Attack)
77: Clubs      8 (~)
78: Clubs      9 (~)
79: Clubs     10 (~)
80: Clubs     11 (Skip The Next Player)
81: Clubs     12 (Reverse The Playing Order)
82: Clubs     13 (~)

DiscardPile: 
PileSize: 2
0: Spades     2 (Draws Two Cards)
1: Spades     3 (Draws Three Cards)

Round: 1 , StockPile: 83 , DiscardPile: 2
Player: 0
You Are Supposed To Draw 3 Card(s).
Last Card: Spades     3 (Draws Three Cards)


Your Current HandCard: 
PileSize: 5
0: Spades    12 (Reverse The Playing Order)
1: Hearts     5 (~)
2: Hearts     6 (~)
3: Diamonds  12 (Reverse The Playing Order)
4: Diamonds  13 (~)

Oops! You Can't Any Card! Press Enter To Acknowledge Such Situation And Draw Card(s):
Draw 3 Card(s).
Draw Card No:1, Diamonds   6 (~)
Draw Card No:2, Clubs      2 (Draws Two Cards)
Draw Card No:3, Hearts    13 (~)
PlayerNumber: 4
InitialCardNuber: 5
DeckNumber: 2
RoundNumber: 1
Player: 
PileSize: 8
0: Spades    12 (Reverse The Playing Order)
1: Hearts     5 (~)
2: Hearts     6 (~)
3: Hearts    13 (~)
4: Diamonds   6 (~)
5: Diamonds  12 (Reverse The Playing Order)
6: Diamonds  13 (~)
7: Clubs      2 (Draws Two Cards)


Player: 
PileSize: 5
0: Spades     1 (~)
1: Diamonds   3 (Draws Three Cards)
2: Diamonds   9 (~)
3: Clubs      5 (~)
4: Clubs     10 (~)


Player: 
PileSize: 5
0: Hearts     3 (Draws Three Cards)
1: Diamonds   1 (~)
2: Diamonds   3 (Draws Three Cards)
3: Diamonds   5 (~)
4: Diamonds  13 (~)


Player: 
PileSize: 4
0: Hearts     1 (~)
1: Diamonds   8 (~)
2: Diamonds  10 (~)
3: Clubs      5 (~)


StockPile: 
PileSize: 80
0: Spades     1 (~)
1: Spades     3 (Draws Three Cards)
2: Spades     4 (~)
3: Spades     5 (~)
4: Spades     6 (~)
5: Spades     7 (Cancel An Attack)
6: Spades     8 (~)
7: Spades     9 (~)
8: Spades    10 (~)
9: Spades    11 (Skip The Next Player)
10: Spades    13 (~)
11: Hearts     1 (~)
12: Hearts     2 (Draws Two Cards)
13: Hearts     4 (~)
14: Hearts     5 (~)
15: Hearts     6 (~)
16: Hearts     7 (Cancel An Attack)
17: Hearts     8 (~)
18: Hearts     9 (~)
19: Hearts    10 (~)
20: Hearts    11 (Skip The Next Player)
21: Hearts    12 (Reverse The Playing Order)
22: Diamonds   2 (Draws Two Cards)
23: Diamonds   4 (~)
24: Diamonds   5 (~)
25: Diamonds   7 (Cancel An Attack)
26: Diamonds   8 (~)
27: Diamonds  11 (Skip The Next Player)
28: Clubs      1 (~)
29: Clubs      3 (Draws Three Cards)
30: Clubs      4 (~)
31: Clubs      6 (~)
32: Clubs      7 (Cancel An Attack)
33: Clubs      8 (~)
34: Clubs      9 (~)
35: Clubs     11 (Skip The Next Player)
36: Clubs     12 (Reverse The Playing Order)
37: Clubs     13 (~)
38: Spades     2 (Draws Two Cards)
39: Spades     4 (~)
40: Spades     5 (~)
41: Spades     6 (~)
42: Spades     7 (Cancel An Attack)
43: Spades     8 (~)
44: Spades     9 (~)
45: Spades    10 (~)
46: Spades    11 (Skip The Next Player)
47: Spades    12 (Reverse The Playing Order)
48: Spades    13 (~)
49: Hearts     2 (Draws Two Cards)
50: Hearts     3 (Draws Three Cards)
51: Hearts     4 (~)
52: Hearts     7 (Cancel An Attack)
53: Hearts     8 (~)
54: Hearts     9 (~)
55: Hearts    10 (~)
56: Hearts    11 (Skip The Next Player)
57: Hearts    12 (Reverse The Playing Order)
58: Hearts    13 (~)
59: Diamonds   1 (~)
60: Diamonds   2 (Draws Two Cards)
61: Diamonds   4 (~)
62: Diamonds   6 (~)
63: Diamonds   7 (Cancel An Attack)
64: Diamonds   9 (~)
65: Diamonds  10 (~)
66: Diamonds  11 (Skip The Next Player)
67: Diamonds  12 (Reverse The Playing Order)
68: Clubs      1 (~)
69: Clubs      2 (Draws Two Cards)
70: Clubs      3 (Draws Three Cards)
71: Clubs      4 (~)
72: Clubs      6 (~)
73: Clubs      7 (Cancel An Attack)
74: Clubs      8 (~)
75: Clubs      9 (~)
76: Clubs     10 (~)
77: Clubs     11 (Skip The Next Player)
78: Clubs     12 (Reverse The Playing Order)
79: Clubs     13 (~)

DiscardPile: 
PileSize: 2
0: Spades     2 (Draws Two Cards)
1: Spades     3 (Draws Three Cards)

Round: 1 , StockPile: 80 , DiscardPile: 2
Player: 1
You Are Supposed To Draw 0 Card(s).
Last Card: Spades     3 (Draws Three Cards)


Your Current HandCard: 
PileSize: 5
0: Spades     1 (~)
1: Diamonds   3 (Draws Three Cards)
2: Diamonds   9 (~)
3: Clubs      5 (~)
4: Clubs     10 (~)

Please Play A Card Or Enter -1 To Give Up This Turn And Draw One More Card: 
